2026-01-20 01:10:35,066 - INFO - 処理を開始します
2026-01-20 01:10:35,066 - INFO - 設定ファイルを読み込みました: config.yaml
2026-01-20 01:10:35,066 - INFO - ====== WebDriver manager ======
2026-01-20 01:10:35,319 - INFO - Get LATEST chromedriver version for google-chrome
2026-01-20 01:10:35,498 - INFO - About to download new driver from https://chromedriver.storage.googleapis.com/114.0.5735.90/chromedriver_win32.zip
2026-01-20 01:10:35,712 - INFO - Driver downloading response is 200
2026-01-20 01:10:36,161 - INFO - Get LATEST chromedriver version for google-chrome
2026-01-20 01:10:36,437 - INFO - Get LATEST chromedriver version for google-chrome
2026-01-20 01:10:36,664 - INFO - Driver has been saved in cache [C:\Users\k14i1\.wdm\drivers\chromedriver\win64\114.0.5735.90]
2026-01-20 01:10:40,421 - ERROR - 予期しないエラーが発生しました: Message: session not created: This version of ChromeDriver only supports Chrome version 114
Current browser version is 143.0.7499.194 with binary path C:\Program Files\Google\Chrome\Application\chrome.exe; For documentation on this error, please visit: https://www.selenium.dev/documentation/webdriver/troubleshooting/errors#sessionnotcreatedexception
Stacktrace:
Backtrace:
	GetHandleVerifier [0x00E0A813+48355]
	(No symbol) [0x00D9C4B1]
	(No symbol) [0x00CA5358]
	(No symbol) [0x00CC61AC]
	(No symbol) [0x00CC1EF3]
	(No symbol) [0x00CC0579]
	(No symbol) [0x00CF0C55]
	(No symbol) [0x00CF093C]
	(No symbol) [0x00CEA536]
	(No symbol) [0x00CC82DC]
	(No symbol) [0x00CC93DD]
	GetHandleVerifier [0x0106AABD+2539405]
	GetHandleVerifier [0x010AA78F+2800735]
	GetHandleVerifier [0x010A456C+2775612]
	GetHandleVerifier [0x00E951E0+616112]
	(No symbol) [0x00DA5F8C]
	(No symbol) [0x00DA2328]
	(No symbol) [0x00DA240B]
	(No symbol) [0x00D94FF7]
	BaseThreadInitThunk [0x76F45D49+25]
	RtlInitializeExceptionChain [0x77C3D5DB+107]
	RtlGetAppContainerNamedObjectPath [0x77C3D561+561]

2026-01-20 01:12:31,739 - INFO - 処理を開始します
2026-01-20 01:12:31,741 - INFO - 設定ファイルを読み込みました: config.yaml
2026-01-20 01:12:31,741 - ERROR - 予期しないエラーが発生しました: ChromeDriverManager.__init__() got an unexpected keyword argument 'cache_valid_range'
2026-01-20 01:13:10,178 - INFO - 処理を開始します
2026-01-20 01:13:10,178 - INFO - 設定ファイルを読み込みました: config.yaml
2026-01-20 01:13:10,178 - ERROR - 予期しないエラーが発生しました: ChromeDriverManager.__init__() got an unexpected keyword argument 'cache_valid_range'
2026-01-20 01:13:24,385 - INFO - 処理を開始します
2026-01-20 01:13:24,386 - INFO - 設定ファイルを読み込みました: config.yaml
2026-01-20 01:13:24,386 - INFO - ====== WebDriver manager ======
2026-01-20 01:13:24,718 - INFO - Get LATEST chromedriver version for google-chrome
2026-01-20 01:13:24,815 - INFO - About to download new driver from https://chromedriver.storage.googleapis.com/114.0.5735.90/chromedriver_win32.zip
2026-01-20 01:13:24,898 - INFO - Driver downloading response is 200
2026-01-20 01:13:25,403 - INFO - Get LATEST chromedriver version for google-chrome
2026-01-20 01:13:25,674 - INFO - Get LATEST chromedriver version for google-chrome
2026-01-20 01:13:25,877 - INFO - Driver has been saved in cache [C:\Users\k14i1\.wdm\drivers\chromedriver\win64\114.0.5735.90]
2026-01-20 01:13:29,558 - ERROR - 予期しないエラーが発生しました: Message: session not created: This version of ChromeDriver only supports Chrome version 114
Current browser version is 143.0.7499.194 with binary path C:\Program Files\Google\Chrome\Application\chrome.exe; For documentation on this error, please visit: https://www.selenium.dev/documentation/webdriver/troubleshooting/errors#sessionnotcreatedexception
Stacktrace:
Backtrace:
	GetHandleVerifier [0x0029A813+48355]
	(No symbol) [0x0022C4B1]
	(No symbol) [0x00135358]
	(No symbol) [0x001561AC]
	(No symbol) [0x00151EF3]
	(No symbol) [0x00150579]
	(No symbol) [0x00180C55]
	(No symbol) [0x0018093C]
	(No symbol) [0x0017A536]
	(No symbol) [0x001582DC]
	(No symbol) [0x001593DD]
	GetHandleVerifier [0x004FAABD+2539405]
	GetHandleVerifier [0x0053A78F+2800735]
	GetHandleVerifier [0x0053456C+2775612]
	GetHandleVerifier [0x003251E0+616112]
	(No symbol) [0x00235F8C]
	(No symbol) [0x00232328]
	(No symbol) [0x0023240B]
	(No symbol) [0x00224FF7]
	BaseThreadInitThunk [0x76F45D49+25]
	RtlInitializeExceptionChain [0x77C3D5DB+107]
	RtlGetAppContainerNamedObjectPath [0x77C3D561+561]
	(No symbol) [0x00000000]

2026-01-20 01:13:43,561 - INFO - 処理を開始します
2026-01-20 01:13:43,562 - INFO - 設定ファイルを読み込みました: config.yaml
2026-01-20 01:13:48,241 - INFO - Chromeドライバーを起動しました
2026-01-20 01:13:49,727 - INFO - ベースURLにアクセスしました: https://gbfdata.com/ja
2026-01-20 01:13:51,547 - INFO - 「総合」をクリックしました
2026-01-20 01:13:54,593 - INFO - ギルド名で検索しました: しゃる鯖
2026-01-20 01:13:55,434 - INFO - 団員一覧ページを開きました
2026-01-20 01:13:55,497 - INFO - イベント番号を取得しました: 第80回
2026-01-20 01:13:56,111 - INFO - 30人の団員データを取得しました
2026-01-20 01:13:56,118 - INFO - Google Sheets認証に成功しました
2026-01-20 01:13:57,357 - INFO - シートを開きました: 団員管理
2026-01-20 01:13:58,337 - INFO - 新しい列を追加しました: 第80回
2026-01-20 01:14:07,635 - INFO - 30件のデータを書き込みしました
2026-01-20 01:14:07,635 - INFO - 処理が完了しました
2026-01-20 01:14:09,784 - INFO - Chromeドライバーを終了しました
2026-01-20 01:17:43,706 - INFO - 処理を開始します
2026-01-20 01:17:43,706 - INFO - 設定ファイルを読み込みました: config.yaml
2026-01-20 01:17:44,305 - INFO - Chromeドライバーを起動しました
2026-01-20 01:17:47,081 - INFO - ベースURLにアクセスしました: https://gbfdata.com/ja
2026-01-20 01:17:48,221 - INFO - 「総合」をクリックしました
2026-01-20 01:17:49,045 - INFO - ギルド名で検索しました: しゃる鯖
2026-01-20 01:17:49,934 - INFO - 団員一覧ページを開きました
2026-01-20 01:17:49,996 - INFO - イベント番号を取得しました: 第80回
2026-01-20 01:17:50,606 - INFO - 30人の団員データを取得しました
2026-01-20 01:17:50,609 - INFO - Google Sheets認証に成功しました
2026-01-20 01:17:51,628 - INFO - シートを開きました: 団員管理
2026-01-20 01:17:52,582 - INFO - 新しい列を追加しました: 第80回
2026-01-20 01:18:00,987 - INFO - 30件のデータを書き込みしました
2026-01-20 01:18:00,987 - INFO - 処理が完了しました
2026-01-20 01:18:03,127 - INFO - Chromeドライバーを終了しました
